<?xml version="1.0" encoding="UTF-8"?>
<testng-results skipped="0" failed="0" ignored="1" total="2" passed="1">
  <reporter-output>
    <line>
      <![CDATA[2]]>
    </line>
  </reporter-output>
  <suite name="Suite" duration-ms="32" started-at="2020-11-23T04:42:08Z" finished-at="2020-11-23T04:42:08Z">
    <groups>
    </groups>
    <test name="Test" duration-ms="32" started-at="2020-11-23T04:42:08Z" finished-at="2020-11-23T04:42:08Z">
      <class name="inbox.Tc2">
        <test-method status="PASS" signature="script2()[pri:0, instance:inbox.Tc2@b97c004]" name="script2" duration-ms="7" started-at="2020-11-23T10:12:08Z" finished-at="2020-11-23T10:12:08Z">
          <reporter-output>
            <line>
              <![CDATA[2]]>
            </line>
          </reporter-output>
        </test-method> <!-- script2 -->
      </class> <!-- inbox.Tc2 -->
    </test> <!-- Test -->
  </suite> <!-- Suite -->
</testng-results>
